0 info it worked if it ends with ok
1 verbose cli [ '/usr/local/bin/node', '/usr/local/bin/npm', 'install' ]
2 info using npm@5.6.0
3 info using node@v4.4.3
4 verbose stack Error: Cannot find module 'har-validator'
4 verbose stack     at Function.Module._resolveFilename (module.js:325:15)
4 verbose stack     at Function.Module._load (module.js:276:25)
4 verbose stack     at Module.require (module.js:353:17)
4 verbose stack     at require (internal/module.js:12:17)
4 verbose stack     at Object.<anonymous> (/usr/local/lib/node_modules/npm/node_modules/request/lib/har.js:5:16)
4 verbose stack     at Module._compile (module.js:409:26)
4 verbose stack     at Object.Module._extensions..js (module.js:416:10)
4 verbose stack     at Module.load (module.js:343:32)
4 verbose stack     at Function.Module._load (module.js:300:12)
4 verbose stack     at Module.require (module.js:353:17)
4 verbose stack     at require (internal/module.js:12:17)
5 verbose cwd /Users/yuanguohong/Public/vueAdmin-template
6 error Darwin 17.5.0
7 error argv "/usr/local/bin/node" "/usr/local/bin/npm" "install"
8 error node v4.4.3
9 error npm  v5.6.0
10 error code MODULE_NOT_FOUND
11 error Cannot find module 'har-validator'
12 error If you need help, you may report this error at:
12 error     <https://github.com/npm/npm/issues>
13 verbose exit [ 1, true ]
